d:\ae\file exchange projects_v12.1\sinkhole_attack_in_rpl_v12.1\workspace_sinkhole_attack_rpl\src\simulation\rpl\x64\debug\vc142.pdb
d:\ae\file exchange projects_v12.1\sinkhole_attack_in_rpl_v12.1\workspace_sinkhole_attack_rpl\src\simulation\rpl\x64\debug\vc142.idb
d:\ae\file exchange projects_v12.1\sinkhole_attack_in_rpl_v12.1\workspace_sinkhole_attack_rpl\src\simulation\rpl\x64\debug\trickle.obj
d:\ae\file exchange projects_v12.1\sinkhole_attack_in_rpl_v12.1\workspace_sinkhole_attack_rpl\src\simulation\rpl\x64\debug\sequencenumber.obj
d:\ae\file exchange projects_v12.1\sinkhole_attack_in_rpl_v12.1\workspace_sinkhole_attack_rpl\src\simulation\rpl\x64\debug\rpl_message.obj
d:\ae\file exchange projects_v12.1\sinkhole_attack_in_rpl_v12.1\workspace_sinkhole_attack_rpl\src\simulation\rpl\x64\debug\rpl_enum.obj
d:\ae\file exchange projects_v12.1\sinkhole_attack_in_rpl_v12.1\workspace_sinkhole_attack_rpl\src\simulation\rpl\x64\debug\rpl.obj
d:\ae\file exchange projects_v12.1\sinkhole_attack_in_rpl_v12.1\workspace_sinkhole_attack_rpl\src\simulation\rpl\x64\debug\neighbor.obj
d:\ae\file exchange projects_v12.1\sinkhole_attack_in_rpl_v12.1\workspace_sinkhole_attack_rpl\src\simulation\rpl\x64\debug\malicious.obj
d:\ae\file exchange projects_v12.1\sinkhole_attack_in_rpl_v12.1\workspace_sinkhole_attack_rpl\src\simulation\rpl\x64\debug\dodag.obj
d:\ae\file exchange projects_v12.1\sinkhole_attack_in_rpl_v12.1\workspace_sinkhole_attack_rpl\src\simulation\rpl\x64\debug\dis.obj
d:\ae\file exchange projects_v12.1\sinkhole_attack_in_rpl_v12.1\workspace_sinkhole_attack_rpl\src\simulation\rpl\x64\debug\dio.obj
d:\ae\file exchange projects_v12.1\sinkhole_attack_in_rpl_v12.1\workspace_sinkhole_attack_rpl\src\simulation\rpl\x64\debug\dao.obj
d:\ae\file exchange projects_v12.1\sinkhole_attack_in_rpl_v12.1\workspace_sinkhole_attack_rpl\bin\bin_x64\librpl.dll
d:\ae\file exchange projects_v12.1\sinkhole_attack_in_rpl_v12.1\workspace_sinkhole_attack_rpl\bin\bin_x64\rpl.pdb
d:\ae\file exchange projects_v12.1\sinkhole_attack_in_rpl_v12.1\workspace_sinkhole_attack_rpl\bin\bin_x64\rpl.lib
d:\ae\file exchange projects_v12.1\sinkhole_attack_in_rpl_v12.1\workspace_sinkhole_attack_rpl\bin\bin_x64\rpl.exp
c:\users\hanuman\desktop\file exchange projects_v12.1\sinkhole_attack_in_rpl_v12.1\workspace_sinkhole_attack_rpl\src\simulation\rpl\x64\debug\dao.obj
c:\users\hanuman\desktop\file exchange projects_v12.1\sinkhole_attack_in_rpl_v12.1\workspace_sinkhole_attack_rpl\src\simulation\rpl\x64\debug\dio.obj
c:\users\hanuman\desktop\file exchange projects_v12.1\sinkhole_attack_in_rpl_v12.1\workspace_sinkhole_attack_rpl\src\simulation\rpl\x64\debug\dis.obj
c:\users\hanuman\desktop\file exchange projects_v12.1\sinkhole_attack_in_rpl_v12.1\workspace_sinkhole_attack_rpl\src\simulation\rpl\x64\debug\dodag.obj
c:\users\hanuman\desktop\file exchange projects_v12.1\sinkhole_attack_in_rpl_v12.1\workspace_sinkhole_attack_rpl\src\simulation\rpl\x64\debug\malicious.obj
c:\users\hanuman\desktop\file exchange projects_v12.1\sinkhole_attack_in_rpl_v12.1\workspace_sinkhole_attack_rpl\src\simulation\rpl\x64\debug\neighbor.obj
c:\users\hanuman\desktop\file exchange projects_v12.1\sinkhole_attack_in_rpl_v12.1\workspace_sinkhole_attack_rpl\src\simulation\rpl\x64\debug\rpl.obj
c:\users\hanuman\desktop\file exchange projects_v12.1\sinkhole_attack_in_rpl_v12.1\workspace_sinkhole_attack_rpl\src\simulation\rpl\x64\debug\rpl_enum.obj
c:\users\hanuman\desktop\file exchange projects_v12.1\sinkhole_attack_in_rpl_v12.1\workspace_sinkhole_attack_rpl\src\simulation\rpl\x64\debug\rpl_message.obj
c:\users\hanuman\desktop\file exchange projects_v12.1\sinkhole_attack_in_rpl_v12.1\workspace_sinkhole_attack_rpl\src\simulation\rpl\x64\debug\sequencenumber.obj
c:\users\hanuman\desktop\file exchange projects_v12.1\sinkhole_attack_in_rpl_v12.1\workspace_sinkhole_attack_rpl\src\simulation\rpl\x64\debug\trickle.obj
c:\users\hanuman\desktop\file exchange projects_v12.1\sinkhole_attack_in_rpl_v12.1\workspace_sinkhole_attack_rpl\src\simulation\rpl\x64\debug\vc142.idb
c:\users\hanuman\desktop\file exchange projects_v12.1\sinkhole_attack_in_rpl_v12.1\workspace_sinkhole_attack_rpl\src\simulation\rpl\x64\debug\vc142.pdb
c:\users\hanuman\desktop\file exchange projects_v12.1\sinkhole_attack_in_rpl_v12.1\workspace_sinkhole_attack_rpl\src\simulation\rpl\x64\debug\rpl.tlog\cl.command.1.tlog
c:\users\hanuman\desktop\file exchange projects_v12.1\sinkhole_attack_in_rpl_v12.1\workspace_sinkhole_attack_rpl\src\simulation\rpl\x64\debug\rpl.tlog\cl.read.1.tlog
c:\users\hanuman\desktop\file exchange projects_v12.1\sinkhole_attack_in_rpl_v12.1\workspace_sinkhole_attack_rpl\src\simulation\rpl\x64\debug\rpl.tlog\cl.write.1.tlog
c:\users\hanuman\desktop\file exchange projects_v12.1\sinkhole_attack_in_rpl_v12.1\workspace_sinkhole_attack_rpl\src\simulation\rpl\x64\debug\rpl.tlog\link.command.1.tlog
c:\users\hanuman\desktop\file exchange projects_v12.1\sinkhole_attack_in_rpl_v12.1\workspace_sinkhole_attack_rpl\src\simulation\rpl\x64\debug\rpl.tlog\link.read.1.tlog
c:\users\hanuman\desktop\file exchange projects_v12.1\sinkhole_attack_in_rpl_v12.1\workspace_sinkhole_attack_rpl\src\simulation\rpl\x64\debug\rpl.tlog\link.write.1.tlog
c:\users\hanuman\desktop\file exchange projects_v12.1\sinkhole_attack_in_rpl_v12.1\workspace_sinkhole_attack_rpl\src\simulation\rpl\x64\debug\rpl.tlog\rpl.write.1u.tlog
